<?xml version="1.0" encoding="UTF-8"?>
<!-- Generated by org.testng.reporters.JUnitReportReporter -->
<testsuite hostname="Lenovo" failures="0" tests="6" name="TestScenarios.Navigation_command" time="-1611755648.000" errors="1" timestamp="2021-01-27T19:24:27 IST" skipped="5">
  <testcase classname="TestScenarios.Navigation_command" name="ScreenShot" time="0.000">
    <skipped/>
  </testcase> <!-- ScreenShot -->
  <system-out/>
  <testcase classname="TestScenarios.Navigation_command" name="testcaseRexl" time="0.000">
    <skipped/>
  </testcase> <!-- testcaseRexl -->
  <system-out/>
  <testcase classname="TestScenarios.Navigation_command" name="navigateBackward" time="0.000">
    <skipped/>
  </testcase> <!-- navigateBackward -->
  <system-out/>
  <testcase classname="TestScenarios.Navigation_command" name="navigateForward" time="0.000">
    <skipped/>
  </testcase> <!-- navigateForward -->
  <system-out/>
  <testcase classname="TestScenarios.Navigation_command" name="driverconfig" time="-1611755648.000">
    <error message="
Parameter &#039;browser&#039; is required by BeforeClass on method driverconfig but has not been marked @Optional or defined
in C:\Users\rajeswari\AppData\Local\Temp\testng-eclipse--312580749\testng-customsuite.xml" type="org.testng.TestNGException">
      <![CDATA[org.testng.TestNGException: 
Parameter 'browser' is required by BeforeClass on method driverconfig but has not been marked @Optional or defined
in C:\Users\rajeswari\AppData\Local\Temp\testng-eclipse--312580749\testng-customsuite.xml
at org.testng.internal.Parameters.createParams(Parameters.java:268)
at org.testng.internal.Parameters.createParametersForMethod(Parameters.java:356)
at org.testng.internal.Parameters.createParameters(Parameters.java:700)
at org.testng.internal.Parameters.createConfigurationParameters(Parameters.java:166)
at org.testng.internal.ConfigInvoker.invokeConfigurations(ConfigInvoker.java:301)
at org.testng.internal.TestMethodWorker.invokeBeforeClassMethods(TestMethodWorker.java:176)
at org.testng.internal.TestMethodWorker.run(TestMethodWorker.java:122)
at java.base/java.util.ArrayList.forEach(ArrayList.java:1511)
at org.testng.TestRunner.privateRun(TestRunner.java:764)
at org.testng.TestRunner.run(TestRunner.java:585)
at org.testng.SuiteRunner.runTest(SuiteRunner.java:384)
at org.testng.SuiteRunner.runSequentially(SuiteRunner.java:378)
at org.testng.SuiteRunner.privateRun(SuiteRunner.java:337)
at org.testng.SuiteRunner.run(SuiteRunner.java:286)
at org.testng.SuiteRunnerWorker.runSuite(SuiteRunnerWorker.java:53)
at org.testng.SuiteRunnerWorker.run(SuiteRunnerWorker.java:96)
at org.testng.TestNG.runSuitesSequentially(TestNG.java:1218)
at org.testng.TestNG.runSuitesLocally(TestNG.java:1140)
at org.testng.TestNG.runSuites(TestNG.java:1069)
at org.testng.TestNG.run(TestNG.java:1037)
at org.testng.remote.AbstractRemoteTestNG.run(AbstractRemoteTestNG.java:115)
at org.testng.remote.RemoteTestNG.initAndRun(RemoteTestNG.java:251)
at org.testng.remote.RemoteTestNG.main(RemoteTestNG.java:77)
]]>
    </error>
  </testcase> <!-- driverconfig -->
  <system-out/>
  <testcase classname="TestScenarios.Navigation_command" name="setValue" time="0.000">
    <skipped/>
  </testcase> <!-- setValue -->
  <system-out/>
</testsuite> <!-- TestScenarios.Navigation_command -->
